<?xml version="1.0" encoding="UTF-8"?>
<!-- Generated by org.testng.reporters.JUnitXMLReporter -->
<testsuite ignored="0" hostname="INLEN8520063175" failures="0" tests="16" name="demo TestNg" time="6.24" errors="0" timestamp="2022-11-11T20:12:54 IST">
  <testcase classname="TestNG_DEmo.ExtentReportsDemo" name="addtocart" time="0.011"/>
  <testcase classname="TestNG_DEmo.ExtentReportsDemo" name="addtocart" time="0.002"/>
  <testcase classname="TestNG_DEmo.ExtentReportsDemo" name="hompage" time="0.001"/>
  <testcase classname="TestNG_DEmo.ExtentReportsDemo" name="login" time="0.001"/>
  <testcase classname="TestNG_DEmo.ExtentReportsDemo" name="searchcontext" time="0.001"/>
  <testcase classname="TestNG_DEmo.ExtentReportsDemo" name="searchcontext" time="0.001"/>
  <testcase classname="TestNG_DEmo.ExtentReportsDemo" name="searchcontext" time="0.001"/>
  <testcase classname="TestNG_DEmo.ExtentReportsDemo" name="searchcontext" time="0.0"/>
  <testcase classname="TestNG_DEmo.ExtentReportsDemo" name="searchcontext" time="0.0"/>
  <testcase classname="TestNG_DEmo.ExtentReportsDemo" name="searchcontext" time="0.002"/>
  <testcase classname="TestNG_DEmo.ExtentReportsDemo" name="searchcontext" time="0.0"/>
  <testcase classname="TestNG_DEmo.ExtentReportsDemo" name="searchcontext" time="0.001"/>
  <testcase classname="TestNG_DEmo.ExtentReportsDemo" name="searchcontext" time="0.0"/>
  <testcase classname="TestNG_DEmo.ExtentReportsDemo" name="searchcontext" time="0.001"/>
  <testcase classname="TestNG_DEmo.ExtentDemo" name="extentReportsDemo1" time="2.781"/>
  <testcase classname="TestNG_DEmo.ExtentDemo" name="extentReportsDemo" time="3.049"/>
</testsuite> <!-- demo TestNg -->
