<?xml version="1.0" encoding="UTF-8"?>
<testng-results ignored="0" total="3" passed="3" failed="0" skipped="0">
  <reporter-output>
  </reporter-output>
  <suite started-at="2022-11-16T14:43:50 IST" name="Default suite" finished-at="2022-11-16T14:44:56 IST" duration-ms="65886">
    <groups>
    </groups>
    <test started-at="2022-11-16T14:43:50 IST" name="Default test" finished-at="2022-11-16T14:44:56 IST" duration-ms="65886">
      <class name="TestNG_DEmo.AdactinLogin">
        <test-method is-config="true" signature="startTestModule()[pri:0, instance:TestNG_DEmo.AdactinLogin@d86a6f]" started-at="2022-11-16T14:43:50 IST" name="startTestModule" finished-at="2022-11-16T14:43:50 IST" duration-ms="164" status="PASS">
          <reporter-output>
          </reporter-output>
        </test-method> <!-- startTestModule -->
        <test-method is-config="true" signature="beforeTest()[pri:0, instance:TestNG_DEmo.AdactinLogin@d86a6f]" started-at="2022-11-16T14:43:51 IST" name="beforeTest" finished-at="2022-11-16T14:43:53 IST" duration-ms="2348" status="PASS">
          <reporter-output>
          </reporter-output>
        </test-method> <!-- beforeTest -->
        <test-method signature="login(java.lang.String,java.lang.String,java.lang.String,java.lang.String)[pri:0, instance:TestNG_DEmo.AdactinLogin@d86a6f]" started-at="2022-11-16T14:43:53 IST" name="login" data-provider="fetchData" finished-at="2022-11-16T14:43:57 IST" duration-ms="4027" status="PASS">
          <params>
            <param index="0">
              <value>
                <![CDATA[TC_01]]>
              </value>
            </param>
            <param index="1">
              <value>
                <![CDATA[Validate user]]>
              </value>
            </param>
            <param index="2">
              <value>
                <![CDATA[moigfh]]>
              </value>
            </param>
            <param index="3">
              <value>
                <![CDATA[bhgvhj]]>
              </value>
            </param>
          </params>
          <reporter-output>
          </reporter-output>
        </test-method> <!-- login -->
        <test-method is-config="true" signature="tearDown(org.testng.ITestResult)[pri:0, instance:TestNG_DEmo.AdactinLogin@d86a6f]" started-at="2022-11-16T14:43:57 IST" name="tearDown" finished-at="2022-11-16T14:44:14 IST" duration-ms="16285" status="PASS">
          <params>
            <param index="0">
              <value>
                <![CDATA[[TestResult name=login status=SUCCESS method=AdactinLogin.login(java.lang.String,java.lang.String,java.lang.String,java.lang.String)[pri:0, instance:TestNG_DEmo.AdactinLogin@d86a6f] output={null}]]]>
              </value>
            </param>
          </params>
          <reporter-output>
          </reporter-output>
        </test-method> <!-- tearDown -->
        <test-method is-config="true" signature="beforeTest()[pri:0, instance:TestNG_DEmo.AdactinLogin@d86a6f]" started-at="2022-11-16T14:44:14 IST" name="beforeTest" finished-at="2022-11-16T14:44:15 IST" duration-ms="1484" status="PASS">
          <reporter-output>
          </reporter-output>
        </test-method> <!-- beforeTest -->
        <test-method signature="login(java.lang.String,java.lang.String,java.lang.String,java.lang.String)[pri:0, instance:TestNG_DEmo.AdactinLogin@d86a6f]" started-at="2022-11-16T14:44:15 IST" name="login" data-provider="fetchData" finished-at="2022-11-16T14:44:19 IST" duration-ms="3425" status="PASS">
          <params>
            <param index="0">
              <value>
                <![CDATA[TC_02]]>
              </value>
            </param>
            <param index="1">
              <value>
                <![CDATA[Validate user]]>
              </value>
            </param>
            <param index="2">
              <value>
                <![CDATA[buhb]]>
              </value>
            </param>
            <param index="3">
              <value>
                <![CDATA[jhbjhb]]>
              </value>
            </param>
          </params>
          <reporter-output>
          </reporter-output>
        </test-method> <!-- login -->
        <test-method is-config="true" signature="tearDown(org.testng.ITestResult)[pri:0, instance:TestNG_DEmo.AdactinLogin@d86a6f]" started-at="2022-11-16T14:44:19 IST" name="tearDown" finished-at="2022-11-16T14:44:35 IST" duration-ms="16282" status="PASS">
          <params>
            <param index="0">
              <value>
                <![CDATA[[TestResult name=login status=SUCCESS method=AdactinLogin.login(java.lang.String,java.lang.String,java.lang.String,java.lang.String)[pri:0, instance:TestNG_DEmo.AdactinLogin@d86a6f] output={null}]]]>
              </value>
            </param>
          </params>
          <reporter-output>
          </reporter-output>
        </test-method> <!-- tearDown -->
        <test-method is-config="true" signature="beforeTest()[pri:0, instance:TestNG_DEmo.AdactinLogin@d86a6f]" started-at="2022-11-16T14:44:35 IST" name="beforeTest" finished-at="2022-11-16T14:44:36 IST" duration-ms="1468" status="PASS">
          <reporter-output>
          </reporter-output>
        </test-method> <!-- beforeTest -->
        <test-method signature="login(java.lang.String,java.lang.String,java.lang.String,java.lang.String)[pri:0, instance:TestNG_DEmo.AdactinLogin@d86a6f]" started-at="2022-11-16T14:44:36 IST" name="login" data-provider="fetchData" finished-at="2022-11-16T14:44:40 IST" duration-ms="3498" status="PASS">
          <params>
            <param index="0">
              <value>
                <![CDATA[TC_03]]>
              </value>
            </param>
            <param index="1">
              <value>
                <![CDATA[Validate user]]>
              </value>
            </param>
            <param index="2">
              <value>
                <![CDATA[ jhbkj]]>
              </value>
            </param>
            <param index="3">
              <value>
                <![CDATA[kumarsk]]>
              </value>
            </param>
          </params>
          <reporter-output>
          </reporter-output>
        </test-method> <!-- login -->
        <test-method is-config="true" signature="tearDown(org.testng.ITestResult)[pri:0, instance:TestNG_DEmo.AdactinLogin@d86a6f]" started-at="2022-11-16T14:44:40 IST" name="tearDown" finished-at="2022-11-16T14:44:56 IST" duration-ms="16243" status="PASS">
          <params>
            <param index="0">
              <value>
                <![CDATA[[TestResult name=login status=SUCCESS method=AdactinLogin.login(java.lang.String,java.lang.String,java.lang.String,java.lang.String)[pri:0, instance:TestNG_DEmo.AdactinLogin@d86a6f] output={null}]]]>
              </value>
            </param>
          </params>
          <reporter-output>
          </reporter-output>
        </test-method> <!-- tearDown -->
        <test-method is-config="true" signature="close()[pri:0, instance:TestNG_DEmo.AdactinLogin@d86a6f]" started-at="2022-11-16T14:44:56 IST" name="close" finished-at="2022-11-16T14:44:56 IST" duration-ms="264" status="FAIL">
          <exception class="org.openqa.selenium.NoSuchSessionException">
            <message>
              <![CDATA[invalid session id
Build info: version: '4.6.0', revision: '79f1c02ae20'
System info: os.name: 'Windows 10', os.arch: 'amd64', os.version: '10.0', java.version: '17.0.3'
Driver info: org.openqa.selenium.chrome.ChromeDriver
Command: [d72b21b405b309c3c0af3c53a2225598, close {}]
Capabilities {acceptInsecureCerts: false, browserName: chrome, browserVersion: 107.0.5304.107, chrome: {chromedriverVersion: 107.0.5304.62 (1eec40d3a576..., userDataDir: C:\Users\monishs\AppData\Lo...}, goog:chromeOptions: {debuggerAddress: localhost:64164}, networkConnectionEnabled: false, pageLoadStrategy: normal, platformName: WINDOWS, proxy: Proxy(), se:cdp: ws://localhost:64164/devtoo..., se:cdpVersion: 107.0.5304.107, setWindowRect: true, strictFileInteractability: false, timeouts: {implicit: 0, pageLoad: 300000, script: 30000}, unhandledPromptBehavior: dismiss and notify, webauthn:extension:credBlob: true, webauthn:extension:largeBlob: true, webauthn:virtualAuthenticators: true}
Session ID: d72b21b405b309c3c0af3c53a2225598]]>
            </message>
            <full-stacktrace>
              <![CDATA[org.openqa.selenium.NoSuchSessionException: invalid session id
Build info: version: '4.6.0', revision: '79f1c02ae20'
System info: os.name: 'Windows 10', os.arch: 'amd64', os.version: '10.0', java.version: '17.0.3'
Driver info: org.openqa.selenium.chrome.ChromeDriver
Command: [d72b21b405b309c3c0af3c53a2225598, close {}]
Capabilities {acceptInsecureCerts: false, browserName: chrome, browserVersion: 107.0.5304.107, chrome: {chromedriverVersion: 107.0.5304.62 (1eec40d3a576..., userDataDir: C:\Users\monishs\AppData\Lo...}, goog:chromeOptions: {debuggerAddress: localhost:64164}, networkConnectionEnabled: false, pageLoadStrategy: normal, platformName: WINDOWS, proxy: Proxy(), se:cdp: ws://localhost:64164/devtoo..., se:cdpVersion: 107.0.5304.107, setWindowRect: true, strictFileInteractability: false, timeouts: {implicit: 0, pageLoad: 300000, script: 30000}, unhandledPromptBehavior: dismiss and notify, webauthn:extension:credBlob: true, webauthn:extension:largeBlob: true, webauthn:virtualAuthenticators: true}
Session ID: d72b21b405b309c3c0af3c53a2225598
at java.base/jdk.internal.reflect.NativeConstructorAccessorImpl.newInstance0(Native Method)
at java.base/jdk.internal.reflect.NativeConstructorAccessorImpl.newInstance(NativeConstructorAccessorImpl.java:77)
at java.base/jdk.internal.reflect.DelegatingConstructorAccessorImpl.newInstance(DelegatingConstructorAccessorImpl.java:45)
at java.base/java.lang.reflect.Constructor.newInstanceWithCaller(Constructor.java:499)
at java.base/java.lang.reflect.Constructor.newInstance(Constructor.java:480)
at org.openqa.selenium.remote.codec.w3c.W3CHttpResponseCodec.createException(W3CHttpResponseCodec.java:200)
at org.openqa.selenium.remote.codec.w3c.W3CHttpResponseCodec.decode(W3CHttpResponseCodec.java:133)
at org.openqa.selenium.remote.codec.w3c.W3CHttpResponseCodec.decode(W3CHttpResponseCodec.java:53)
at org.openqa.selenium.remote.HttpCommandExecutor.execute(HttpCommandExecutor.java:184)
at org.openqa.selenium.remote.service.DriverCommandExecutor.invokeExecute(DriverCommandExecutor.java:167)
at org.openqa.selenium.remote.service.DriverCommandExecutor.execute(DriverCommandExecutor.java:142)
at org.openqa.selenium.remote.RemoteWebDriver.execute(RemoteWebDriver.java:541)
at org.openqa.selenium.remote.RemoteWebDriver.execute(RemoteWebDriver.java:596)
at org.openqa.selenium.remote.RemoteWebDriver.execute(RemoteWebDriver.java:600)
at org.openqa.selenium.remote.RemoteWebDriver.close(RemoteWebDriver.java:432)
at TestNG_DEmo.AdactinLogin.close(AdactinLogin.java:132)
at java.base/jdk.internal.reflect.NativeMethodAccessorImpl.invoke0(Native Method)
at java.base/jdk.internal.reflect.NativeMethodAccessorImpl.invoke(NativeMethodAccessorImpl.java:77)
at java.base/jdk.internal.reflect.DelegatingMethodAccessorImpl.invoke(DelegatingMethodAccessorImpl.java:43)
at java.base/java.lang.reflect.Method.invoke(Method.java:568)
at org.testng.internal.MethodInvocationHelper.invokeMethod(MethodInvocationHelper.java:133)
at org.testng.internal.MethodInvocationHelper.invokeMethodConsideringTimeout(MethodInvocationHelper.java:62)
at org.testng.internal.ConfigInvoker.invokeConfigurationMethod(ConfigInvoker.java:385)
at org.testng.internal.ConfigInvoker.invokeConfigurations(ConfigInvoker.java:321)
at org.testng.TestRunner.invokeTestConfigurations(TestRunner.java:637)
at org.testng.TestRunner.afterRun(TestRunner.java:877)
at org.testng.TestRunner.run(TestRunner.java:599)
at org.testng.SuiteRunner.runTest(SuiteRunner.java:377)
at org.testng.SuiteRunner.runSequentially(SuiteRunner.java:371)
at org.testng.SuiteRunner.privateRun(SuiteRunner.java:332)
at org.testng.SuiteRunner.run(SuiteRunner.java:276)
at org.testng.SuiteRunnerWorker.runSuite(SuiteRunnerWorker.java:53)
at org.testng.SuiteRunnerWorker.run(SuiteRunnerWorker.java:96)
at org.testng.TestNG.runSuitesSequentially(TestNG.java:1212)
at org.testng.TestNG.runSuitesLocally(TestNG.java:1134)
at org.testng.TestNG.runSuites(TestNG.java:1063)
at org.testng.TestNG.run(TestNG.java:1031)
at org.testng.remote.AbstractRemoteTestNG.run(AbstractRemoteTestNG.java:115)
at org.testng.remote.RemoteTestNG.initAndRun(RemoteTestNG.java:251)
at org.testng.remote.RemoteTestNG.main(RemoteTestNG.java:77)
]]>
            </full-stacktrace>
          </exception> <!-- org.openqa.selenium.NoSuchSessionException -->
          <reporter-output>
          </reporter-output>
        </test-method> <!-- close -->
      </class> <!-- TestNG_DEmo.AdactinLogin -->
    </test> <!-- Default test -->
  </suite> <!-- Default suite -->
</testng-results>
